2014-10-24 13:06:30,789 [main] ERROR StackTrace  - Full Stack Trace:
Condition not satisfied:

association.bidirectional
|           |
|           false
test.Face->nose

	at cloud.rest.core.introspect.OneToOneSpec.Test persist and retrieve one-to-one with inverse key(OneToOneSpec.groovy:37)
2014-10-24 13:06:30,793 [main] ERROR StackTrace  - Full Stack Trace:
Condition not satisfied:

association.bidirectional
|           |
|           false
test.Face->nose

	at cloud.rest.core.introspect.OneToOneSpec.Test persist and retrieve one-to-one with inverse key(OneToOneSpec.groovy:37)
2014-10-24 13:06:30,796 [main] ERROR StackTrace  - Full Stack Trace:
junit.framework.AssertionFailedError: Condition not satisfied:

association.bidirectional
|           |
|           false
test.Face->nose

	at cloud.rest.core.introspect.OneToOneSpec.Test persist and retrieve one-to-one with inverse key(OneToOneSpec.groovy:37)
2014-10-24 13:06:30,796 [main] ERROR StackTrace  - Full Stack Trace:
junit.framework.AssertionFailedError: Condition not satisfied:

association.bidirectional
|           |
|           false
test.Face->nose

	at cloud.rest.core.introspect.OneToOneSpec.Test persist and retrieve one-to-one with inverse key(OneToOneSpec.groovy:37)
2014-10-24 13:06:30,810 [main] ERROR StackTrace  - Full Stack Trace:
junit.framework.AssertionFailedError: Condition not satisfied:

association.bidirectional
|           |
|           false
test.Face->nose

	at cloud.rest.core.introspect.OneToOneSpec.Test persist and retrieve one-to-one with inverse key(OneToOneSpec.groovy:37)
2014-10-24 13:06:30,810 [main] ERROR StackTrace  - Full Stack Trace:
junit.framework.AssertionFailedError: Condition not satisfied:

association.bidirectional
|           |
|           false
test.Face->nose

	at cloud.rest.core.introspect.OneToOneSpec.Test persist and retrieve one-to-one with inverse key(OneToOneSpec.groovy:37)
